<?xml version="1.0" encoding="UTF-8"?>
<testsuite name="co.konecta.sura.certificate.runners.PrincipalRunner" tests="0" skipped="0" failures="0" errors="0" timestamp="1970-01-01T00:00:00" hostname="ANKCRM38M" time="0.0">
  <properties/>
  <system-out><![CDATA[
Failed scenarios:
src/test/resources/features/RolesListarRoles.feature:63 # Asociacion Exitosa de Usuario Rol

1 Scenarios (1 failed)
6 Steps (1 failed, 5 passed)
0m38,719s

java.lang.AssertionError: 
Expecting This the toast validation with text value that is equal to: <"Registro guardado correctamente">
But got.............................................................: <"Registros guardados correctamente">
	at net.serenitybdd.screenplay.ensure.PerformableExpectation.performAs(Ensure.kt:49)
	at net.serenitybdd.screenplay.Actor.performTask(Actor.java:232)
	at net.serenitybdd.screenplay.Actor.perform(Actor.java:213)
	at net.serenitybdd.screenplay.Actor.performWithoutReporting(Actor.java:197)
	at net.serenitybdd.screenplay.Actor.attemptsTo(Actor.java:168)
	at co.konecta.sura.certificate.stepsdefinitions.Casos.LoginStepsDefinitions.SeVisualizaMensajeDeLaModal(LoginStepsDefinitions.java:57)
	at ?.Se visualiza mensaje de la modalRegistro guardado correctamente(src/test/resources/features/RolesListarRoles.feature:60)

]]></system-out>
  <system-err><![CDATA[[Test worker] INFO net.thucydides.core.steps.ConsoleLoggingListener - 

-------------------------------------------------------------------------------------
     _______. _______ .______       _______ .__   __.  __  .___________.____    ____ 
    /       ||   ____||   _  \     |   ____||  \ |  | |  | |           |\   \  /   / 
   |   (----`|  |__   |  |_)  |    |  |__   |   \|  | |  | `---|  |----` \   \/   /  
    \   \    |   __|  |      /     |   __|  |  . `  | |  |     |  |       \_    _/   
.----)   |   |  |____ |  |\  \----.|  |____ |  |\   | |  |     |  |         |  |     
|_______/    |_______|| _| `._____||_______||__| \__| |__|     |__|         |__|    
                                                                                     
 News and tutorials at http://www.serenity-bdd.info                                  
 Documentation at https://wakaleo.gitbooks.io/the-serenity-book/content/             
 Join the Serenity Community on Rocket Chat at https://serenity-bdd.rocket.chat      
 Serenity BDD Support and Training at http://serenity-bdd.info/#/trainingandsupport  
 Learn Serenity BDD online at http://serenity-dojo.com                               
-------------------------------------------------------------------------------------

[Test worker] INFO net.thucydides.core.steps.ConsoleLoggingListener - Test Suite Started: Page advanced search case
[Test worker] INFO net.thucydides.core.steps.ConsoleLoggingListener - Test Suite Started: Control boards parameterization
[Test worker] INFO net.thucydides.core.steps.ConsoleLoggingListener - Test Suite Started: Tiempos altos de Contacto
[Test worker] INFO net.thucydides.core.steps.ConsoleLoggingListener - Test Suite Started: Listas Administrar
[Test worker] INFO net.thucydides.core.steps.ConsoleLoggingListener - Test Suite Started: El usuario puede Crear asociacion de listas, Editar y Eliminar
[Test worker] INFO net.thucydides.core.steps.ConsoleLoggingListener - Test Suite Started: Assignment parameterization
[Test worker] INFO net.thucydides.core.steps.ConsoleLoggingListener - Test Suite Started: Codigos de Salida Parametrizacion
[Test worker] INFO net.thucydides.core.steps.ConsoleLoggingListener - Test Suite Started: Alert recipients parameterization
[Test worker] INFO net.thucydides.core.steps.ConsoleLoggingListener - Test Suite Started: Parametrizacion Estrategias
[Test worker] INFO net.thucydides.core.steps.ConsoleLoggingListener - Test Suite Started: Parametrizacion Indicativos de Marcacion
[Test worker] INFO net.thucydides.core.steps.ConsoleLoggingListener - Test Suite Started: Lists parameterization
[Test worker] INFO net.thucydides.core.steps.ConsoleLoggingListener - Test Suite Started: Push notifications
[Test worker] INFO net.thucydides.core.steps.ConsoleLoggingListener - Test Suite Started: Parametrizacion Prefijos
[Test worker] INFO net.thucydides.core.steps.ConsoleLoggingListener - Test Suite Started: Parametrizacion de Ramos
[Test worker] INFO net.thucydides.core.steps.ConsoleLoggingListener - Test Suite Started: Traffic light parameterization
[Test worker] INFO net.thucydides.core.steps.ConsoleLoggingListener - Test Suite Started: Control boards parameterization
[Test worker] INFO net.thucydides.core.steps.ConsoleLoggingListener - Test Suite Started: Alert time parameterization
[Test worker] INFO net.thucydides.core.steps.ConsoleLoggingListener - Test Suite Started: Creacion, Edicion, Asociacion y Eliminar lista de Roles
[Test worker] INFO net.thucydides.core.steps.ConsoleLoggingListener - Test Suite Started: SubModulo Gestion Salud
[Test worker] INFO net.thucydides.core.steps.ConsoleLoggingListener - Test Suite Started: Page submodule documentation CNM
[Test worker] INFO net.thucydides.core.steps.ConsoleLoggingListener - Test Suite Started: Ending
[Test worker] INFO net.thucydides.core.steps.ConsoleLoggingListener - Test Suite Started: Page submodule state management
[Test worker] INFO net.thucydides.core.steps.ConsoleLoggingListener - Test Suite Started: Novelty
[Test worker] INFO net.thucydides.core.steps.ConsoleLoggingListener - Test Suite Started: Call reasons parameterization
[Test worker] INFO net.thucydides.core.steps.ConsoleLoggingListener - Test Suite Started: Page create case
[Test worker] INFO net.thucydides.core.steps.ConsoleLoggingListener - Test Suite Started: Case closure parameterization
[Test worker] INFO net.thucydides.core.steps.ConsoleLoggingListener - Test Suite Started: Page create information of cases
[Test worker] INFO net.thucydides.core.steps.ConsoleLoggingListener - Test Suite Started: Hide monitoring tasks parameterization
[Test worker] INFO net.thucydides.core.steps.ConsoleLoggingListener - Test Suite Started: Page login
[Test worker] INFO net.thucydides.core.steps.ConsoleLoggingListener - Test Suite Started: Page submodule supplier management
[Test worker] INFO net.thucydides.core.steps.ConsoleLoggingListener - Test Suite Started: Page submodule supplier monitoring
[Test worker] INFO net.thucydides.core.steps.ConsoleLoggingListener - Test Suite Started: Page sub-module sura climbing
[Test worker] INFO net.thucydides.core.steps.ConsoleLoggingListener - Test Suite Started: Monitoring
[Test worker] INFO net.thucydides.core.steps.ConsoleLoggingListener - 
 _____ _____ ____ _____   ____ _____  _    ____ _____ _____ ____  
|_   _| ____/ ___|_   _| / ___|_   _|/ \  |  _ \_   _| ____|  _ \ 
  | | |  _| \___ \ | |   \___ \ | | / _ \ | |_) || | |  _| | | | |
  | | | |___ ___) || |    ___) || |/ ___ \|  _ < | | | |___| |_| |
  |_| |_____|____/ |_|   |____/ |_/_/   \_\_| \_\|_| |_____|____/ 
                                                                  

TEST STARTED: Asociacion Exitosa de Usuario Rol
-------------------------------------------------------------------(creacion--edicion--asociacion-y-eliminar-lista-de-roles;asociacion-exitosa-de-usuario-rol)
[Test worker] ERROR net.thucydides.core.steps.ConsoleLoggingListener - 
           __  _____ _____ ____ _____   _____ _    ___ _     _____ ____  
  _       / / |_   _| ____/ ___|_   _| |  ___/ \  |_ _| |   | ____|  _ \ 
 (_)_____| |    | | |  _| \___ \ | |   | |_ / _ \  | || |   |  _| | | | |
  _|_____| |    | | | |___ ___) || |   |  _/ ___ \ | || |___| |___| |_| |
 (_)     | |    |_| |_____|____/ |_|   |_|/_/   \_\___|_____|_____|____/ 
          \_\                                                            

TEST FAILED: Asociacion Exitosa de Usuario Rol
--------------------------------------------------------------------------
[Test worker] ERROR net.thucydides.core.steps.ConsoleLoggingListener - TEST FAILED AT STEP Then Se visualiza mensaje de la modalRegistro guardado correctamente
[Test worker] ERROR net.thucydides.core.steps.ConsoleLoggingListener - Expecting This the toast validation with text value that is equal to: <"Registro guardado correctamente">But got.............................................................: <"Registros guardados correctamente">
]]></system-err>
</testsuite>
