<?xml version="1.0" encoding="UTF-8"?>
<testsuite name="co.konecta.sura.certificate.runners.PrincipalRunner" tests="0" skipped="0" failures="0" errors="0" timestamp="1970-01-01T00:00:00" hostname="ANMEUCCI07M" time="0.0">
  <properties/>
  <system-out><![CDATA[
Failed scenarios:
src/test/resources/features/SubModuloGestionProvedores.feature:17 # Successful supplier management submodule

1 Scenarios (1 failed)
5 Steps (1 failed, 1 skipped, 3 passed)
0m46,784s

org.openqa.selenium.ElementClickInterceptedException: element click intercepted: Element <mat-select _ngcontent-oyx-c50="" class="mat-select ng-tns-c26-99 ng-star-inserted mat-select-required mat-select-empty ng-untouched ng-pristine ng-invalid" id="replyProvider" placeholder="Respuesta proveedor" required="" role="listbox" tabindex="0" aria-label="Respuesta proveedor" aria-required="true" aria-disabled="false" aria-invalid="false" aria-multiselectable="false">...</mat-select> is not clickable at point (1180, 271). Other element would receive the click: <div class="cdk-overlay-backdrop cdk-overlay-transparent-backdrop cdk-overlay-backdrop-showing"></div>
  (Session info: chrome=96.0.4664.45)
Build info: version: '3.141.59', revision: 'e82be7d358', time: '2018-11-14T08:17:03'
System info: host: 'ANMEUCCI07M', ip: '172.20.5.16', os.name: 'Windows 10', os.arch: 'x86', os.version: '10.0', java.version: '1.8.0_311'
Driver info: org.openqa.selenium.chrome.ChromeDriver
Capabilities {acceptInsecureCerts: false, browserName: chrome, browserVersion: 96.0.4664.45, chrome: {chromedriverVersion: 96.0.4664.45 (76e4c1bb2ab46..., userDataDir: C:\Users\YOARLY~1.CAR\AppDa...}, goog:chromeOptions: {debuggerAddress: localhost:58040}, javascriptEnabled: true, networkConnectionEnabled: false, pageLoadStrategy: normal, platform: WINDOWS, platformName: WINDOWS, proxy: Proxy(), setWindowRect: true, strictFileInteractability: false, timeouts: {implicit: 0, pageLoad: 300000, script: 30000}, unhandledPromptBehavior: dismiss and notify, webauthn:extension:credBlob: true, webauthn:extension:largeBlob: true, webauthn:virtualAuthenticators: true}
Session ID: 0776342b07399c99e4955bf1840737b6
	at sun.reflect.NativeConstructorAccessorImpl.newInstance0(Native Method)
	at sun.reflect.NativeConstructorAccessorImpl.newInstance(NativeConstructorAccessorImpl.java:62)
	at sun.reflect.DelegatingConstructorAccessorImpl.newInstance(DelegatingConstructorAccessorImpl.java:45)
	at java.lang.reflect.Constructor.newInstance(Constructor.java:423)
	at org.openqa.selenium.remote.http.W3CHttpResponseCodec.createException(W3CHttpResponseCodec.java:187)
	at org.openqa.selenium.remote.http.W3CHttpResponseCodec.decode(W3CHttpResponseCodec.java:122)
	at org.openqa.selenium.remote.http.W3CHttpResponseCodec.decode(W3CHttpResponseCodec.java:49)
	at org.openqa.selenium.remote.HttpCommandExecutor.execute(HttpCommandExecutor.java:158)
	at org.openqa.selenium.remote.service.DriverCommandExecutor.execute(DriverCommandExecutor.java:83)
	at org.openqa.selenium.remote.RemoteWebDriver.execute(RemoteWebDriver.java:552)
	at org.openqa.selenium.remote.RemoteWebElement.execute(RemoteWebElement.java:285)
	at org.openqa.selenium.remote.RemoteWebElement.click(RemoteWebElement.java:84)
	at net.serenitybdd.core.pages.WebElementFacadeImpl.click(WebElementFacadeImpl.java:1227)
	at net.serenitybdd.screenplay.actions.ClickOnTarget.performAs(ClickOnTarget.java:13)
	at net.serenitybdd.screenplay.actions.ClickOnTarget$$EnhancerByCGLIB$$e3f2ec6d.CGLIB$performAs$0(<generated>)
	at net.serenitybdd.screenplay.actions.ClickOnTarget$$EnhancerByCGLIB$$e3f2ec6d$$FastClassByCGLIB$$eb009f51.invoke(<generated>)
	at net.sf.cglib.proxy.MethodProxy.invokeSuper(MethodProxy.java:228)
	at net.thucydides.core.steps.StepInterceptor.invokeMethod(StepInterceptor.java:478)
	at net.thucydides.core.steps.StepInterceptor.executeTestStepMethod(StepInterceptor.java:463)
	at net.thucydides.core.steps.StepInterceptor.runTestStep(StepInterceptor.java:438)
	at net.thucydides.core.steps.StepInterceptor.runOrSkipMethod(StepInterceptor.java:179)
	at net.thucydides.core.steps.StepInterceptor.testStepResult(StepInterceptor.java:166)
	at net.thucydides.core.steps.StepInterceptor.intercept(StepInterceptor.java:72)
	at net.serenitybdd.screenplay.actions.ClickOnTarget$$EnhancerByCGLIB$$e3f2ec6d.performAs(<generated>)
	at net.serenitybdd.screenplay.Actor.performTask(Actor.java:232)
	at net.serenitybdd.screenplay.Actor.perform(Actor.java:213)
	at net.serenitybdd.screenplay.Actor.attemptsTo(Actor.java:170)
	at co.konecta.sura.certificate.Tareas.Casos.suppliermanagement.SupplierManagementTask.performAs(SupplierManagementTask.java:29)
	at co.konecta.sura.certificate.Tareas.Casos.suppliermanagement.SupplierManagementTask$$EnhancerByCGLIB$$d6d28a8d.CGLIB$performAs$0(<generated>)
	at co.konecta.sura.certificate.Tareas.Casos.suppliermanagement.SupplierManagementTask$$EnhancerByCGLIB$$d6d28a8d$$FastClassByCGLIB$$b63be0a0.invoke(<generated>)
	at net.sf.cglib.proxy.MethodProxy.invokeSuper(MethodProxy.java:228)
	at net.thucydides.core.steps.StepInterceptor.invokeMethod(StepInterceptor.java:478)
	at net.thucydides.core.steps.StepInterceptor.executeTestStepMethod(StepInterceptor.java:463)
	at net.thucydides.core.steps.StepInterceptor.runTestStep(StepInterceptor.java:438)
	at net.thucydides.core.steps.StepInterceptor.runOrSkipMethod(StepInterceptor.java:179)
	at net.thucydides.core.steps.StepInterceptor.testStepResult(StepInterceptor.java:166)
	at net.thucydides.core.steps.StepInterceptor.intercept(StepInterceptor.java:72)
	at co.konecta.sura.certificate.Tareas.Casos.suppliermanagement.SupplierManagementTask$$EnhancerByCGLIB$$d6d28a8d.performAs(<generated>)
	at net.serenitybdd.screenplay.Actor.performTask(Actor.java:232)
	at net.serenitybdd.screenplay.Actor.perform(Actor.java:213)
	at net.serenitybdd.screenplay.Actor.attemptsTo(Actor.java:170)
	at co.konecta.sura.certificate.stepsdefinitions.Casos.SupplierManagementStepsDefinitions.iTypeInformationInTheFieldsSupplierNameAndSupplierResponseAndTimeMonitoringSiteAndTimeMonitoringDestinationAndTechnicalCellphoneAndCentralPhoneAndCentralPhoneAndObservations(SupplierManagementStepsDefinitions.java:44)
	at ?.I type information in the fields supplier name 34 SERVICE SAS MEDELLIN and supplier response Toma servicio and time monitoring site 15 and time monitoring destination 21 and technical cellphone 3125847853 and central phone 1 3122557485 and central phone 2 321485578 and observations pruebas automaticas proveedor(src/test/resources/features/SubModuloGestionProvedores.feature:12)

]]></system-out>
  <system-err><![CDATA[[Test worker] INFO net.thucydides.core.steps.ConsoleLoggingListener - 

-------------------------------------------------------------------------------------
     _______. _______ .______       _______ .__   __.  __  .___________.____    ____ 
    /       ||   ____||   _  \     |   ____||  \ |  | |  | |           |\   \  /   / 
   |   (----`|  |__   |  |_)  |    |  |__   |   \|  | |  | `---|  |----` \   \/   /  
    \   \    |   __|  |      /     |   __|  |  . `  | |  |     |  |       \_    _/   
.----)   |   |  |____ |  |\  \----.|  |____ |  |\   | |  |     |  |         |  |     
|_______/    |_______|| _| `._____||_______||__| \__| |__|     |__|         |__|    
                                                                                     
 News and tutorials at http://www.serenity-bdd.info                                  
 Documentation at https://wakaleo.gitbooks.io/the-serenity-book/content/             
 Join the Serenity Community on Rocket Chat at https://serenity-bdd.rocket.chat      
 Serenity BDD Support and Training at http://serenity-bdd.info/#/trainingandsupport  
 Learn Serenity BDD online at http://serenity-dojo.com                               
-------------------------------------------------------------------------------------

[Test worker] INFO net.thucydides.core.steps.ConsoleLoggingListener - Test Suite Started: Page advanced search case
[Test worker] INFO net.thucydides.core.steps.ConsoleLoggingListener - Test Suite Started: Crear, Editar, Eliminar, Desloquear, Conexion Remota
[Test worker] INFO net.thucydides.core.steps.ConsoleLoggingListener - Test Suite Started: Control boards parameterization
[Test worker] INFO net.thucydides.core.steps.ConsoleLoggingListener - Test Suite Started: Gestion de servicios duplicados
[Test worker] INFO net.thucydides.core.steps.ConsoleLoggingListener - Test Suite Started: Tiempos altos de Contacto
[Test worker] INFO net.thucydides.core.steps.ConsoleLoggingListener - Test Suite Started: Listas Administrar
[Test worker] INFO net.thucydides.core.steps.ConsoleLoggingListener - Test Suite Started: El usuario puede Crear asociacion de listas, Editar y Eliminar
[Test worker] INFO net.thucydides.core.steps.ConsoleLoggingListener - Test Suite Started: Assignment parameterization
[Test worker] INFO net.thucydides.core.steps.ConsoleLoggingListener - Test Suite Started: Creacion, Edicion y eliminacion de parametrizacion cierre de expediente.
[Test worker] INFO net.thucydides.core.steps.ConsoleLoggingListener - Test Suite Started: Codigos de Salida Parametrizacion
[Test worker] INFO net.thucydides.core.steps.ConsoleLoggingListener - Test Suite Started: Alert recipients parameterization
[Test worker] INFO net.thucydides.core.steps.ConsoleLoggingListener - Test Suite Started: Parametrizacion Estrategias
[Test worker] INFO net.thucydides.core.steps.ConsoleLoggingListener - Test Suite Started: Parametrizacion Indicativos de Marcacion
[Test worker] INFO net.thucydides.core.steps.ConsoleLoggingListener - Test Suite Started: Lists parameterization
[Test worker] INFO net.thucydides.core.steps.ConsoleLoggingListener - Test Suite Started: Parametrizacion Motivos de llamada
[Test worker] INFO net.thucydides.core.steps.ConsoleLoggingListener - Test Suite Started: Push notifications
[Test worker] INFO net.thucydides.core.steps.ConsoleLoggingListener - Test Suite Started: Hide monitoring tasks parameterization
[Test worker] INFO net.thucydides.core.steps.ConsoleLoggingListener - Test Suite Started: Parametrizacion Prefijos
[Test worker] INFO net.thucydides.core.steps.ConsoleLoggingListener - Test Suite Started: Parametrizacion de Ramos
[Test worker] INFO net.thucydides.core.steps.ConsoleLoggingListener - Test Suite Started: Traffic light parameterization
[Test worker] INFO net.thucydides.core.steps.ConsoleLoggingListener - Test Suite Started: Control boards parameterization
[Test worker] INFO net.thucydides.core.steps.ConsoleLoggingListener - Test Suite Started: Alert time parameterization
[Test worker] INFO net.thucydides.core.steps.ConsoleLoggingListener - Test Suite Started: Creacion, Edicion, Asociacion y Eliminar lista de Roles
[Test worker] INFO net.thucydides.core.steps.ConsoleLoggingListener - Test Suite Started: Page submodule supplier management
[Test worker] INFO net.thucydides.core.steps.ConsoleLoggingListener - Test Suite Started: SubModulo Gestion Salud
[Test worker] INFO net.thucydides.core.steps.ConsoleLoggingListener - Test Suite Started: Page submodule supplier monitoring
[Test worker] INFO net.thucydides.core.steps.ConsoleLoggingListener - Test Suite Started: Monitoring
[Test worker] INFO net.thucydides.core.steps.ConsoleLoggingListener - Test Suite Started: Page submodule documentation CNM
[Test worker] INFO net.thucydides.core.steps.ConsoleLoggingListener - Test Suite Started: Ending
[Test worker] INFO net.thucydides.core.steps.ConsoleLoggingListener - Test Suite Started: Page submodule state management
[Test worker] INFO net.thucydides.core.steps.ConsoleLoggingListener - Test Suite Started: Novelty
[Test worker] INFO net.thucydides.core.steps.ConsoleLoggingListener - Test Suite Started: Page sub-module sura climbing
[Test worker] INFO net.thucydides.core.steps.ConsoleLoggingListener - Test Suite Started: Page create case
[Test worker] INFO net.thucydides.core.steps.ConsoleLoggingListener - Test Suite Started: Case closure parameterization
[Test worker] INFO net.thucydides.core.steps.ConsoleLoggingListener - Test Suite Started: Page create information of cases
[Test worker] INFO net.thucydides.core.steps.ConsoleLoggingListener - Test Suite Started: Page login
[Test worker] INFO net.thucydides.core.steps.ConsoleLoggingListener - 
 _____ _____ ____ _____   ____ _____  _    ____ _____ _____ ____  
|_   _| ____/ ___|_   _| / ___|_   _|/ \  |  _ \_   _| ____|  _ \ 
  | | |  _| \___ \ | |   \___ \ | | / _ \ | |_) || | |  _| | | | |
  | | | |___ ___) || |    ___) || |/ ___ \|  _ < | | | |___| |_| |
  |_| |_____|____/ |_|   |____/ |_/_/   \_\_| \_\|_| |_____|____/ 
                                                                  

TEST STARTED: Successful supplier management submodule
-------------------------------------------------------------------(page-submodule-supplier-management;successful-supplier-management-submodule)
[Test worker] ERROR net.thucydides.core.steps.ConsoleLoggingListener - 
           __  _____ _____ ____ _____   _____ _    ___ _     _____ ____  
  _       / / |_   _| ____/ ___|_   _| |  ___/ \  |_ _| |   | ____|  _ \ 
 (_)_____| |    | | |  _| \___ \ | |   | |_ / _ \  | || |   |  _| | | | |
  _|_____| |    | | | |___ ___) || |   |  _/ ___ \ | || |___| |___| |_| |
 (_)     | |    |_| |_____|____/ |_|   |_|/_/   \_\___|_____|_____|____/ 
          \_\                                                            

TEST FAILED WITH ERROR: Successful supplier management submodule
---------------------------------------------------------------------
[Test worker] ERROR net.thucydides.core.steps.ConsoleLoggingListener - TEST FAILED AT STEP Usuario clicks on This the input supplier response
[Test worker] ERROR net.thucydides.core.steps.ConsoleLoggingListener - element click intercepted: Element <mat-select _ngcontent-oyx-c50="" class="mat-select ng-tns-c26-99 ng-star-inserted mat-select-required mat-select-empty ng-untouched ng-pristine ng-invalid" id="replyProvider" placeholder="Respuesta proveedor" required="" role="listbox" tabindex="0" aria-label="Respuesta proveedor" aria-required="true" aria-disabled="false" aria-invalid="false" aria-multiselectable="false">...</mat-select> is not clickable at point (1180, 271). Other element would receive the click: <div class="cdk-overlay-backdrop cdk-overlay-transparent-backdrop cdk-overlay-backdrop-showing"></div>
]]></system-err>
</testsuite>
